Der Buildvorgang wurde am 30.07.2018 18:23:11 gestartet.
     1>Projekt "C:\VSProjects\Bilderlauf\Debug\Debug.vcxproj" auf Knoten "2", build Ziel(e).
     1>InitializeBuildStatus:
         "..\tmp\Debug.unsuccessfulbuild" wird erstellt, da "AlwaysCreate" angegeben wurde.
       ClCompile:
         C:\Program Files (x86)\Microsoft Visual Studio 10.0\VC\bin\CL.exe /c /I..\Src /I..\..\_Data /I..\..\_Libs /I..\..\_Src /ZI /nologo /W3 /WX- /Od /Oy- /D WIN32 /D _DEBUG /D _CONSOLE /D _CRT_SECURE_NO_WARNINGS /D _MBCS /Gm /EHsc /RTC1 /MTd /GS /fp:precise /Zc:wchar_t /Zc:forScope /Fo"..\tmp\\" /Fd"..\tmp\vc100.pdb" /Gd /TC /analyze- /errorReport:prompt ..\Src\bl_character.c
         bl_character.c
     1>c:\vsprojects\bilderlauf\src\bl_character.c(17): warning C4028: Formaler Parameter '2' unterscheidet sich von der Deklaration
     1>c:\vsprojects\bilderlauf\src\bl_character.c(28): warning C4244: '=': Konvertierung von 'double' in 'float', möglicher Datenverlust
     1>c:\vsprojects\bilderlauf\src\bl_character.c(29): warning C4244: '=': Konvertierung von 'double' in 'float', möglicher Datenverlust
       Link:
         C:\Program Files (x86)\Microsoft Visual Studio 10.0\VC\bin\link.exe /ERRORREPORT:PROMPT /OUT:"..\Exc\Bilderlauf.exe" /NOLOGO /LIBPATH:..\..\_Data /LIBPATH:..\..\_Libs /LIBPATH:..\..\_Src /LIBPATH:..\..\_Dat OpenGL32.Lib GLU32.Lib GLUT32.lib kernel32.lib user32.lib gdi32.lib winspool.lib comdlg32.lib advapi32.lib shell32.lib ole32.lib oleaut32.lib uuid.lib odbc32.lib odbccp32.lib /MANIFEST /ManifestFile:"..\tmp\Bilderlauf.exe.intermediate.manifest" /MANIFESTUAC:"level='asInvoker' uiAccess='false'" /DEBUG /PDB:"C:\VSProjects\Bilderlauf\Exc\Bilderlauf.pdb" /TLBID:1 /DYNAMICBASE /NXCOMPAT /IMPLIB:"..\Exc\Bilderlauf.lib" /MACHINE:X86 ..\tmp\Bilderlauf.obj
         ..\tmp\bl_bmp.obj
         ..\tmp\bl_camera.obj
         ..\tmp\bl_character.obj
         LINK : ..\Exc\Bilderlauf.exe wurde nicht gefunden oder beim letzten inkrementellen Linkvorgang nicht erstellt; vollständiger Link wird durchgeführt.
         Debug.vcxproj -> C:\VSProjects\Bilderlauf\Debug\..\Exc\Bilderlauf.exe
       Manifest:
         C:\Program Files (x86)\Microsoft SDKs\Windows\v7.0A\bin\mt.exe /nologo /verbose /outputresource:"..\Exc\Bilderlauf.exe;#1" /manifest ..\tmp\Bilderlauf.exe.intermediate.manifest
       FinalizeBuildStatus:
         Die Datei "..\tmp\Debug.unsuccessfulbuild" wird gelöscht.
         Aktualisieren des Timestamps von "..\tmp\Debug.lastbuildstate".
     1>Die Erstellung des Projekts "C:\VSProjects\Bilderlauf\Debug\Debug.vcxproj" ist abgeschlossen, build Ziel(e).

Das Erstellen war erfolgreich.

Verstrichene Zeit 00:00:00.73
